<?xml version="1.0" encoding="UTF-8"?>
<testsuite xmlns:xsi="http://www.w3.org/2001/XMLSchema-instance" xsi:noNamespaceSchemaLocation="https://maven.apache.org/surefire/maven-surefire-plugin/xsd/surefire-test-report-3.0.xsd" version="3.0" name="com.maven.shop.RunCucumberTest" time="71.472" tests="1" errors="0" skipped="0" failures="0">
  <properties>
[...]
</properties>
  <testcase name="Add items to cart and complete checkout" classname="Shopping Cart" time="71.429">
    <system-out><![CDATA[Href is: https://shop.polymer-project.org/list/mens_outerwear
Element selected . Green Flex Fleece Zip Hoodie
Element selectedXL
Element selected4
Element selected Add toCart
Element selected View Cart
Item Green Flex Fleece Zip Hoodie with Size XL and Quantity 4 was found in the cart.true
Href is: https://shop.polymer-project.org/list/ladies_outerwear
Element selected . Ladies Voyage Fleece Jacket
Element selectedXS
Element selected3
Element selected Add toCart
Element selected View Cart
$45.65 and XL are present in the map.
$48.00 and XS are present in the map.
Confirmed the size and price are correct with the one selected
Total in Cart 326.6
Total sum of items:326.6
Confirmed total
Item Green Flex Fleece Zip Hoodie with Size XL and Quantity 4 was found in the cart.true
Item Ladies Voyage Fleece Jacket with Size XS and Quantity 3 was found in the cart.true
Element option Changed
Total in Cart 518.6
Total sum of items:518.6
Confirmed New total
]]></system-out>
    <system-err><![CDATA[Nov 06, 2024 8:13:09 PM io.cucumber.junit.platform.engine.DiscoverySelectorResolver warnWhenCucumberFeaturesPropertyIsUsed
WARNING: Discovering tests using the cucumber.features property. Other discovery selectors are ignored!
Please request/upvote/sponsor/ect better support for JUnit 5 discovery selectors.
See: https://github.com/cucumber/cucumber-jvm/pull/2498
Starting ChromeDriver 130.0.6723.91 (53ac076783696778ecc8f360ea31765c29c240ad-refs/branch-heads/6723@{#1517}) on port 19459
Only local connections are allowed.
Please see https://chromedriver.chromium.org/security-considerations for suggestions on keeping ChromeDriver safe.
ChromeDriver was started successfully on port 19459.
ERROR StatusLogger Log4j2 could not find a logging implementation. Please add log4j-core to the classpath. Using SimpleLogger to log to the console...
]]></system-err>
  </testcase>
</testsuite>